ISim log file
Running: E:\ATM_system\tb_atm_isim_beh.exe -intstyle ise -gui -tclbatch isim.cmd -wdb E:/ATM_system/tb_atm_isim_beh.wdb 
ISim O.40d (signature 0xc4ca3437)
This is a Full version of ISim.
Time resolution is 1 ps
# onerror resume
# wave add /
# run 1000 ns
Simulator is doing circuit initialization process.
Finished circuit initialization process.
hi=         0
hi=  11112222
for loop changed.
****changed.
****changed.
****changed.
****changed.
****changed.
hi=  11112222
for loop changed.
****changed.
****changed.
****changed.
****changed.
****changed.
invalid pin
count=          1
invalid pin
count=          2
invalid pin
count=          3
ISim O.40d (signature 0xc4ca3437)
This is a Full version of ISim.
# run 1000 ns
Simulator is doing circuit initialization process.
Finished circuit initialization process.
hi=         0
hi=  11112222
for loop changed.
****changed.
****changed.
****changed.
****changed.
****changed.
hi=  11112222
for loop changed.
****changed.
****changed.
****changed.
****changed.
****changed.
invalid pin
count=          1
invalid pin
count=          2
invalid pin
count=          3
